\BOOKMARK [0][-]{chapter*.2}{\376\377\000A\000p\000r\000e\000s\000e\000n\000t\000a\000\347\000\343\000o}{}% 1
\BOOKMARK [0][-]{chapter.1}{\376\377\000P\000r\000o\000j\000e\000t\000o\000\040\000P\000e\000d\000a\000g\000\363\000g\000i\000c\000o}{}% 2
\BOOKMARK [1][-]{section.1.1}{\376\377\000O\000b\000j\000e\000t\000i\000v\000o\000s\000\040\000G\000e\000r\000a\000i\000s}{chapter.1}% 3
\BOOKMARK [1][-]{section.1.2}{\376\377\000M\000e\000t\000o\000d\000o\000l\000o\000g\000i\000a}{chapter.1}% 4
\BOOKMARK [1][-]{section.1.3}{\376\377\000A\000v\000a\000l\000i\000a\000\347\000\343\000o}{chapter.1}% 5
\BOOKMARK [0][-]{chapter.2}{\376\377\000C\000o\000m\000o\000\040\000u\000s\000a\000r\000\040\000o\000s\000\040\000p\000r\000o\000j\000e\000t\000o\000s}{}% 6
\BOOKMARK [1][-]{section.2.1}{\376\377\000L\000i\000s\000t\000a\000\040\000g\000e\000r\000a\000l\000\040\000d\000e\000\040\000m\000a\000t\000e\000r\000i\000a\000i\000s\000\040\000p\000o\000r\000\040\000k\000i\000t}{chapter.2}% 7
\BOOKMARK [0][-]{chapter.3}{\376\377\000P\000r\000o\000j\000e\000t\000o\000s\000\040\000-\000\040\000G\000u\000i\000a\000\040\000d\000o\000\040\000P\000r\000o\000f\000e\000s\000s\000o\000r}{}% 8
\BOOKMARK [1][-]{section.3.1}{\376\377\000P\000r\000o\000j\000e\000t\000o\000\040\0001\000\040\040\024\000\040\000S\000e\000m\000\341\000f\000o\000r\000o\000\040\000I\000n\000f\000a\000n\000t\000i\000l\000\040\000\050\0006\040\023\0008\000\040\000a\000n\000o\000s\000\051}{chapter.3}% 9
\BOOKMARK [2][-]{subsection.3.1.1}{\376\377\000O\000b\000j\000e\000t\000i\000v\000o\000s}{section.3.1}% 10
\BOOKMARK [2][-]{subsection.3.1.2}{\376\377\000T\000e\000m\000p\000o\000\040\000e\000s\000t\000i\000m\000a\000d\000o}{section.3.1}% 11
\BOOKMARK [2][-]{subsection.3.1.3}{\376\377\000M\000a\000t\000e\000r\000i\000a\000i\000s\000\040\000p\000o\000r\000\040\000g\000r\000u\000p\000o}{section.3.1}% 12
\BOOKMARK [2][-]{subsection.3.1.4}{\376\377\000P\000r\000e\000p\000a\000r\000a\000\347\000\343\000o\000\040\000d\000o\000\040\000p\000r\000o\000f\000e\000s\000s\000o\000r}{section.3.1}% 13
\BOOKMARK [2][-]{subsection.3.1.5}{\376\377\000P\000a\000s\000s\000o\000\040\000a\000\040\000p\000a\000s\000s\000o\000\040\000\050\000s\000u\000g\000e\000s\000t\000\343\000o\000\040\000p\000a\000r\000a\000\040\000c\000o\000n\000d\000u\000\347\000\343\000o\000\051}{section.3.1}% 14
\BOOKMARK [2][-]{subsection.3.1.6}{\376\377\000C\000\363\000d\000i\000g\000o\000\040\000e\000x\000e\000m\000p\000l\000o}{section.3.1}% 15
\BOOKMARK [2][-]{subsection.3.1.7}{\376\377\000S\000u\000g\000e\000r\000i\000d\000a\000s\000\040\000a\000d\000a\000p\000t\000a\000\347\000\365\000e\000s\000\040\000e\000\040\000d\000e\000s\000a\000f\000i\000o\000s}{section.3.1}% 16
\BOOKMARK [2][-]{subsection.3.1.8}{\376\377\000C\000o\000m\000p\000e\000t\000\352\000n\000c\000i\000a\000s\000\040\000B\000N\000C\000C}{section.3.1}% 17
\BOOKMARK [2][-]{subsection.3.1.9}{\376\377\000A\000v\000a\000l\000i\000a\000\347\000\343\000o}{section.3.1}% 18
\BOOKMARK [0][-]{chapter.4}{\376\377\000A\000p\000\352\000n\000d\000i\000c\000e\000s}{}% 19
\BOOKMARK [1][-]{section.4.1}{\376\377\000C\000\363\000d\000i\000g\000o\000s\000\040\000c\000o\000m\000p\000l\000e\000t\000o\000s}{chapter.4}% 20
\BOOKMARK [1][-]{section.4.2}{\376\377\000E\000s\000q\000u\000e\000m\000\341\000t\000i\000c\000o\000s}{chapter.4}% 21
\BOOKMARK [1][-]{section.4.3}{\376\377\000M\000o\000d\000e\000l\000o\000s\000\040\000d\000e\000\040\000F\000i\000c\000h\000a\000\040\000d\000e\000\040\000A\000v\000a\000l\000i\000a\000\347\000\343\000o}{chapter.4}% 22
\BOOKMARK [0][-]{chapter*.3}{\376\377\000R\000e\000f\000e\000r\000\352\000n\000c\000i\000a\000s}{}% 23
